[INFO] 28/07/2024 13:35:03: POST	/user/sign-up	SignUp	9.881673679s (SignUp)
[INFO] 28/07/2024 13:35:46: GET	/user/email-confirm?id=b6a5322f-7ae4-428f-b13a-71c1a2f260bb&key=$2a$14$3yZI2f7jm7YMIrQzONelQe.fkI6955Q42zGVG1ZIdasir5ALGFpaG	EmailConfirm	26.388599ms (EmailConfirm)
[INFO] 28/07/2024 13:51:14: POST	/user/sign-in	SignIn	1.424774085s (SignIn)
[INFO] 28/07/2024 18:02:35: POST	/user/sign-in	SignIn	1.498780906s (SignIn)
[INFO] 28/07/2024 19:52:29: POST	/user/sign-in	SignIn	2.403604ms (SignIn)
[INFO] 28/07/2024 19:52:56: POST	/user/sign-in	SignIn	1.586121ms (SignIn)
[INFO] 28/07/2024 19:52:58: POST	/user/sign-in	SignIn	1.246896ms (SignIn)
[INFO] 28/07/2024 19:53:04: POST	/user/sign-in	SignIn	1.51864ms (SignIn)
[INFO] 28/07/2024 19:53:27: POST	/user/sign-in	SignIn	4.831883ms (SignIn)
[INFO] 28/07/2024 19:54:04: POST	/user/sign-up	SignUp	1.72208ms (SignUp)
[INFO] 28/07/2024 19:55:52: POST	/user/sign-up	SignUp	4.678286ms (SignUp)
[INFO] 28/07/2024 19:59:10: User with mikhayl84@bk.ru exist, failed create (pkg/repositories/UserRepository/UserRepository.CreateUser)
[INFO] 28/07/2024 19:59:10: POST	/user/sign-up	SignUp	25.018751ms (SignUp)
[INFO] 28/07/2024 19:59:32: POST	/user/sign-in	SignIn	879.145543ms (SignIn)
[INFO] 28/07/2024 20:07:54: POST	/user/sign-in	SignIn	880.638903ms (SignIn)
[INFO] 28/07/2024 20:29:15: POST	/user/sign-in	SignIn	885.638999ms (SignIn)
[INFO] 28/07/2024 20:29:46: POST	/user/sign-in	SignIn	904.502532ms (SignIn)
[INFO] 28/07/2024 20:55:14: POST	/user/sign-in	SignIn	871.729594ms (SignIn)
[INFO] 28/07/2024 21:02:05: PUT	/user/password	ChangePassword	78.902µs (ChangePassword)
[INFO] 28/07/2024 21:02:12: POST	/user/sign-in	SignIn	868.652073ms (SignIn)
[INFO] 28/07/2024 21:02:33: PUT	/user/password	ChangePassword	62.321µs (ChangePassword)
[INFO] 28/07/2024 21:02:44: PUT	/user/password	ChangePassword	35.006µs (ChangePassword)
[INFO] 28/07/2024 21:03:13: PUT	/user/password	ChangePassword	29.297µs (ChangePassword)
[INFO] 28/07/2024 21:04:41: PUT	/user/password	ChangePassword	56.325µs (ChangePassword)
[INFO] 28/07/2024 21:05:01: POST	/user/sign-in	SignIn	912.087994ms (SignIn)
[INFO] 28/07/2024 21:05:17: PUT	/user/password	ChangePassword	51.449µs (ChangePassword)
[INFO] 28/07/2024 21:05:25: PUT	/user/password	ChangePassword	98.05µs (ChangePassword)
[INFO] 28/07/2024 21:05:53: PUT	/user/password	ChangePassword	39.807µs (ChangePassword)
[INFO] 28/07/2024 21:07:53: PUT	/user/password	ChangePassword	41.69µs (ChangePassword)
[INFO] 28/07/2024 21:09:43: POST	/user/sign-in	SignIn	862.676754ms (SignIn)
[INFO] 28/07/2024 21:10:50: PUT	/user/password	ChangePassword	36.621µs (ChangePassword)
[INFO] 28/07/2024 21:13:56: ERROR: insert or update on table "users" violates foreign key constraint "fk_business_universes_user" (SQLSTATE 23503) (pkg/user/pg/repository.CreateItem)
[INFO] 28/07/2024 21:13:56: POST	/user/sign-up	SignUp	878.365667ms (SignUp)
[INFO] 28/07/2024 21:14:23: ERROR: insert or update on table "users" violates foreign key constraint "fk_business_universes_user" (SQLSTATE 23503) (pkg/user/pg/repository.CreateItem)
[INFO] 28/07/2024 21:14:23: POST	/user/sign-up	SignUp	881.151327ms (SignUp)
[INFO] 28/07/2024 21:14:44: ERROR: insert or update on table "users" violates foreign key constraint "fk_business_universes_user" (SQLSTATE 23503) (pkg/user/pg/repository.CreateItem)
[INFO] 28/07/2024 21:14:44: POST	/user/sign-up	SignUp	870.443241ms (SignUp)
[INFO] 28/07/2024 21:20:04: ERROR: insert or update on table "users" violates foreign key constraint "fk_business_universes_user" (SQLSTATE 23503) (pkg/user/pg/repository.CreateItem)
[INFO] 28/07/2024 21:20:04: POST	/user/sign-up	SignUp	892.816715ms (SignUp)
[INFO] 28/07/2024 21:20:31: POST	/user/sign-in	SignIn	874.549755ms (SignIn)
[INFO] 28/07/2024 21:20:46: PUT	/user/password	ChangePassword	64.565µs (ChangePassword)
[INFO] 28/07/2024 21:20:55: ERROR: insert or update on table "users" violates foreign key constraint "fk_business_universes_user" (SQLSTATE 23503) (pkg/user/pg/repository.CreateItem)
[INFO] 28/07/2024 21:20:55: POST	/user/sign-up	SignUp	861.153781ms (SignUp)
[INFO] 28/07/2024 21:24:37: POST	/user/sign-up	SignUp	7.167949732s (SignUp)
[INFO] 28/07/2024 21:24:51: User with sobol.ivan44@mail.ru exist, failed create (pkg/repositories/UserRepository/UserRepository.CreateUser)
[INFO] 28/07/2024 21:24:51: POST	/user/sign-up	SignUp	9.368076ms (SignUp)
[INFO] 28/07/2024 21:25:59: POST	/user/sign-up	SignUp	5.571309373s (SignUp)
[INFO] 28/07/2024 21:27:28: PUT	/user/password	ChangePassword	84.093µs (ChangePassword)
[INFO] 28/07/2024 21:27:32: PUT	/user/password	ChangePassword	36.641µs (ChangePassword)
[INFO] 28/07/2024 21:31:35: PUT	/user/password	ChangePassword	42.813µs (ChangePassword)
[INFO] 28/07/2024 21:34:54: POST	/user/sign-in	SignIn	889.183706ms (SignIn)
[INFO] 28/07/2024 21:35:09: PUT	/user/password	ChangePassword	43.764µs (ChangePassword)
[INFO] 28/07/2024 21:36:12: PUT	/user/password	ChangePassword	875.513785ms (ChangePassword)
[INFO] 28/07/2024 21:36:24: PUT	/user/password	ChangePassword	926.826752ms (ChangePassword)
[INFO] 28/07/2024 21:36:29: POST	/user/sign-in	SignIn	875.50557ms (SignIn)
[INFO] 28/07/2024 22:08:50: User with mikhayl84@bk.ru exist, failed create (pkg/repositories/UserRepository/UserRepository.CreateUser)
[INFO] 28/07/2024 22:08:50: POST	/user/sign-up	SignUp	6.972279ms (SignUp)
[INFO] 28/07/2024 22:09:26: POST	/user/sign-in	SignIn	4.038221ms (SignIn)
[INFO] 28/07/2024 22:11:08: User with sobol.ivan44@mail.ru exist, failed create (pkg/repositories/UserRepository/UserRepository.CreateUser)
[INFO] 28/07/2024 22:11:08: POST	/user/sign-up	SignUp	6.325641ms (SignUp)
[INFO] 28/07/2024 22:12:37: POST	/user/sign-up	SignUp	4m28.160048876s (SignUp)
[INFO] 28/07/2024 22:12:37: POST	/user/sign-up	SignUp	2m33.359093738s (SignUp)
[INFO] 28/07/2024 22:17:48: POST	/user/sign-up	SignUp	6.528342876s (SignUp)
[INFO] 28/07/2024 22:20:10: POST	/user/sign-up	SignUp	6.729343873s (SignUp)
[INFO] 28/07/2024 22:22:08: POST	/user/sign-up	SignUp	6.193349678s (SignUp)
