2024/07/28 13:12:04 [notice] 1#1: using the "epoll" event method
2024/07/28 13:12:04 [notice] 1#1: nginx/1.27.0
2024/07/28 13:12:04 [notice] 1#1: built by gcc 12.2.0 (Debian 12.2.0-14) 
2024/07/28 13:12:04 [notice] 1#1: OS: Linux 6.6.26-linuxkit
2024/07/28 13:12:04 [notice] 1#1: getrlimit(RLIMIT_NOFILE): 1048576:1048576
2024/07/28 13:12:04 [notice] 1#1: start worker processes
2024/07/28 13:12:04 [notice] 1#1: start worker process 20
2024/07/28 13:12:04 [notice] 1#1: start worker process 21
2024/07/28 13:12:04 [notice] 1#1: start worker process 22
2024/07/28 13:12:04 [notice] 1#1: start worker process 23
2024/07/28 13:12:04 [notice] 1#1: start worker process 24
2024/07/28 13:12:04 [notice] 1#1: start worker process 25
2024/07/28 13:12:04 [notice] 1#1: start worker process 26
2024/07/28 13:12:04 [notice] 1#1: start worker process 27
2024/07/28 13:12:04 [notice] 1#1: start worker process 28
2024/07/28 13:12:04 [notice] 1#1: start worker process 29
2024/07/28 13:12:04 [notice] 1#1: start worker process 30
2024/07/28 13:12:04 [notice] 1#1: start worker process 31
2024/07/28 13:13:03 [notice] 1#1: signal 3 (SIGQUIT) received, shutting down
2024/07/28 13:13:03 [notice] 20#20: gracefully shutting down
2024/07/28 13:13:03 [notice] 24#24: gracefully shutting down
2024/07/28 13:13:03 [notice] 22#22: gracefully shutting down
2024/07/28 13:13:03 [notice] 23#23: gracefully shutting down
2024/07/28 13:13:03 [notice] 23#23: exiting
2024/07/28 13:13:03 [notice] 28#28: gracefully shutting down
2024/07/28 13:13:03 [notice] 30#30: gracefully shutting down
2024/07/28 13:13:03 [notice] 25#25: gracefully shutting down
2024/07/28 13:13:03 [notice] 21#21: gracefully shutting down
2024/07/28 13:13:03 [notice] 27#27: gracefully shutting down
2024/07/28 13:13:03 [notice] 27#27: exiting
2024/07/28 13:13:03 [notice] 29#29: gracefully shutting down
2024/07/28 13:13:03 [notice] 29#29: exiting
2024/07/28 13:13:03 [notice] 26#26: gracefully shutting down
2024/07/28 13:13:03 [notice] 26#26: exiting
2024/07/28 13:13:03 [notice] 31#31: gracefully shutting down
2024/07/28 13:13:03 [notice] 31#31: exiting
2024/07/28 13:13:03 [notice] 20#20: exiting
2024/07/28 13:13:03 [notice] 24#24: exiting
2024/07/28 13:13:03 [notice] 24#24: exit
2024/07/28 13:13:03 [notice] 22#22: exiting
2024/07/28 13:13:03 [notice] 28#28: exiting
2024/07/28 13:13:03 [notice] 22#22: exit
2024/07/28 13:13:03 [notice] 23#23: exit
2024/07/28 13:13:03 [notice] 30#30: exiting
2024/07/28 13:13:03 [notice] 25#25: exiting
2024/07/28 13:13:03 [notice] 30#30: exit
2024/07/28 13:13:03 [notice] 21#21: exiting
2024/07/28 13:13:03 [notice] 21#21: exit
2024/07/28 13:13:03 [notice] 27#27: exit
2024/07/28 13:13:03 [notice] 29#29: exit
2024/07/28 13:13:03 [notice] 26#26: exit
2024/07/28 13:13:03 [notice] 31#31: exit
2024/07/28 13:13:03 [notice] 20#20: exit
2024/07/28 13:13:03 [notice] 28#28: exit
2024/07/28 13:13:03 [notice] 25#25: exit
2024/07/28 13:13:03 [notice] 1#1: signal 17 (SIGCHLD) received from 28
2024/07/28 13:13:03 [notice] 1#1: worker process 28 exited with code 0
2024/07/28 13:13:03 [notice] 1#1: signal 29 (SIGIO) received
2024/07/28 13:13:03 [notice] 1#1: signal 17 (SIGCHLD) received from 21
2024/07/28 13:13:03 [notice] 1#1: worker process 21 exited with code 0
2024/07/28 13:13:03 [notice] 1#1: worker process 25 exited with code 0
2024/07/28 13:13:03 [notice] 1#1: signal 29 (SIGIO) received
2024/07/28 13:13:03 [notice] 1#1: signal 17 (SIGCHLD) received from 25
2024/07/28 13:13:03 [notice] 1#1: worker process 24 exited with code 0
2024/07/28 13:13:03 [notice] 1#1: worker process 31 exited with code 0
2024/07/28 13:13:03 [notice] 1#1: signal 29 (SIGIO) received
2024/07/28 13:13:03 [notice] 1#1: signal 17 (SIGCHLD) received from 24
2024/07/28 13:13:03 [notice] 1#1: signal 17 (SIGCHLD) received from 26
2024/07/28 13:13:03 [notice] 1#1: worker process 22 exited with code 0
2024/07/28 13:13:03 [notice] 1#1: worker process 23 exited with code 0
2024/07/28 13:13:03 [notice] 1#1: worker process 26 exited with code 0
2024/07/28 13:13:03 [notice] 1#1: worker process 27 exited with code 0
2024/07/28 13:13:03 [notice] 1#1: worker process 29 exited with code 0
2024/07/28 13:13:03 [notice] 1#1: signal 29 (SIGIO) received
2024/07/28 13:13:03 [notice] 1#1: signal 17 (SIGCHLD) received from 20
2024/07/28 13:13:03 [notice] 1#1: worker process 20 exited with code 0
2024/07/28 13:13:03 [notice] 1#1: worker process 30 exited with code 0
2024/07/28 13:13:03 [notice] 1#1: exit
2024/07/28 13:13:07 [notice] 1#1: using the "epoll" event method
2024/07/28 13:13:07 [notice] 1#1: nginx/1.27.0
2024/07/28 13:13:07 [notice] 1#1: built by gcc 12.2.0 (Debian 12.2.0-14) 
2024/07/28 13:13:07 [notice] 1#1: OS: Linux 6.6.26-linuxkit
2024/07/28 13:13:07 [notice] 1#1: getrlimit(RLIMIT_NOFILE): 1048576:1048576
2024/07/28 13:13:07 [notice] 1#1: start worker processes
2024/07/28 13:13:07 [notice] 1#1: start worker process 21
2024/07/28 13:13:07 [notice] 1#1: start worker process 22
2024/07/28 13:13:07 [notice] 1#1: start worker process 23
2024/07/28 13:13:07 [notice] 1#1: start worker process 24
2024/07/28 13:13:07 [notice] 1#1: start worker process 25
2024/07/28 13:13:07 [notice] 1#1: start worker process 26
2024/07/28 13:13:07 [notice] 1#1: start worker process 27
2024/07/28 13:13:07 [notice] 1#1: start worker process 28
2024/07/28 13:13:07 [notice] 1#1: start worker process 29
2024/07/28 13:13:07 [notice] 1#1: start worker process 30
2024/07/28 13:13:07 [notice] 1#1: start worker process 31
2024/07/28 13:13:07 [notice] 1#1: start worker process 32
2024/07/28 13:14:08 [notice] 1#1: signal 3 (SIGQUIT) received, shutting down
2024/07/28 13:14:08 [notice] 22#22: gracefully shutting down
2024/07/28 13:14:08 [notice] 24#24: gracefully shutting down
2024/07/28 13:14:08 [notice] 24#24: exiting
2024/07/28 13:14:08 [notice] 24#24: exit
2024/07/28 13:14:08 [notice] 30#30: gracefully shutting down
2024/07/28 13:14:08 [notice] 30#30: exiting
2024/07/28 13:14:08 [notice] 28#28: gracefully shutting down
2024/07/28 13:14:08 [notice] 28#28: exiting
2024/07/28 13:14:08 [notice] 32#32: gracefully shutting down
2024/07/28 13:14:08 [notice] 29#29: gracefully shutting down
2024/07/28 13:14:08 [notice] 29#29: exiting
2024/07/28 13:14:08 [notice] 23#23: gracefully shutting down
2024/07/28 13:14:08 [notice] 23#23: exiting
2024/07/28 13:14:08 [notice] 31#31: gracefully shutting down
2024/07/28 13:14:08 [notice] 23#23: exit
2024/07/28 13:14:08 [notice] 27#27: gracefully shutting down
2024/07/28 13:14:08 [notice] 27#27: exiting
2024/07/28 13:14:08 [notice] 25#25: gracefully shutting down
2024/07/28 13:14:08 [notice] 25#25: exiting
2024/07/28 13:14:08 [notice] 21#21: gracefully shutting down
2024/07/28 13:14:08 [notice] 26#26: gracefully shutting down
2024/07/28 13:14:08 [notice] 26#26: exiting
2024/07/28 13:14:08 [notice] 22#22: exiting
2024/07/28 13:14:08 [notice] 30#30: exit
2024/07/28 13:14:08 [notice] 28#28: exit
2024/07/28 13:14:08 [notice] 32#32: exiting
2024/07/28 13:14:08 [notice] 32#32: exit
2024/07/28 13:14:08 [notice] 29#29: exit
2024/07/28 13:14:08 [notice] 31#31: exiting
2024/07/28 13:14:08 [notice] 31#31: exit
2024/07/28 13:14:08 [notice] 27#27: exit
2024/07/28 13:14:08 [notice] 21#21: exiting
2024/07/28 13:14:08 [notice] 21#21: exit
2024/07/28 13:14:08 [notice] 25#25: exit
2024/07/28 13:14:08 [notice] 1#1: signal 17 (SIGCHLD) received from 24
2024/07/28 13:14:08 [notice] 1#1: worker process 24 exited with code 0
2024/07/28 13:14:08 [notice] 1#1: signal 29 (SIGIO) received
2024/07/28 13:14:08 [notice] 26#26: exit
2024/07/28 13:14:08 [notice] 22#22: exit
2024/07/28 13:14:08 [notice] 1#1: signal 17 (SIGCHLD) received from 23
2024/07/28 13:14:08 [notice] 1#1: worker process 23 exited with code 0
2024/07/28 13:14:08 [notice] 1#1: signal 29 (SIGIO) received
2024/07/28 13:14:08 [notice] 1#1: signal 17 (SIGCHLD) received from 30
2024/07/28 13:14:08 [notice] 1#1: worker process 30 exited with code 0
2024/07/28 13:14:08 [notice] 1#1: signal 29 (SIGIO) received
2024/07/28 13:14:08 [notice] 1#1: signal 17 (SIGCHLD) received from 28
2024/07/28 13:14:08 [notice] 1#1: worker process 28 exited with code 0
2024/07/28 13:14:08 [notice] 1#1: signal 29 (SIGIO) received
2024/07/28 13:14:08 [notice] 1#1: signal 17 (SIGCHLD) received from 32
2024/07/28 13:14:08 [notice] 1#1: worker process 32 exited with code 0
2024/07/28 13:14:08 [notice] 1#1: signal 29 (SIGIO) received
2024/07/28 13:14:08 [notice] 1#1: signal 17 (SIGCHLD) received from 29
2024/07/28 13:14:08 [notice] 1#1: worker process 29 exited with code 0
2024/07/28 13:14:08 [notice] 1#1: worker process 31 exited with code 0
2024/07/28 13:14:08 [notice] 1#1: signal 29 (SIGIO) received
2024/07/28 13:14:08 [notice] 1#1: signal 17 (SIGCHLD) received from 31
2024/07/28 13:14:08 [notice] 1#1: signal 17 (SIGCHLD) received from 21
2024/07/28 13:14:08 [notice] 1#1: worker process 21 exited with code 0
2024/07/28 13:14:08 [notice] 1#1: worker process 25 exited with code 0
2024/07/28 13:14:08 [notice] 1#1: signal 29 (SIGIO) received
2024/07/28 13:14:08 [notice] 1#1: signal 17 (SIGCHLD) received from 25
2024/07/28 13:14:08 [notice] 1#1: signal 17 (SIGCHLD) received from 26
2024/07/28 13:14:08 [notice] 1#1: worker process 26 exited with code 0
2024/07/28 13:14:08 [notice] 1#1: signal 29 (SIGIO) received
2024/07/28 13:14:08 [notice] 1#1: signal 17 (SIGCHLD) received from 22
2024/07/28 13:14:08 [notice] 1#1: worker process 22 exited with code 0
2024/07/28 13:14:08 [notice] 1#1: signal 17 (SIGCHLD) received from 27
2024/07/28 13:14:08 [notice] 1#1: worker process 27 exited with code 0
2024/07/28 13:14:08 [notice] 1#1: exit
2024/07/28 13:23:11 [notice] 1#1: using the "epoll" event method
2024/07/28 13:23:11 [notice] 1#1: nginx/1.27.0
2024/07/28 13:23:11 [notice] 1#1: built by gcc 12.2.0 (Debian 12.2.0-14) 
2024/07/28 13:23:11 [notice] 1#1: OS: Linux 6.6.26-linuxkit
2024/07/28 13:23:11 [notice] 1#1: getrlimit(RLIMIT_NOFILE): 1048576:1048576
2024/07/28 13:23:11 [notice] 1#1: start worker processes
2024/07/28 13:23:11 [notice] 1#1: start worker process 20
2024/07/28 13:23:11 [notice] 1#1: start worker process 21
2024/07/28 13:23:11 [notice] 1#1: start worker process 22
2024/07/28 13:23:11 [notice] 1#1: start worker process 23
2024/07/28 13:23:11 [notice] 1#1: start worker process 24
2024/07/28 13:23:11 [notice] 1#1: start worker process 25
2024/07/28 13:23:11 [notice] 1#1: start worker process 26
2024/07/28 13:23:11 [notice] 1#1: start worker process 27
2024/07/28 13:23:11 [notice] 1#1: start worker process 28
2024/07/28 13:23:11 [notice] 1#1: start worker process 29
2024/07/28 13:23:11 [notice] 1#1: start worker process 30
2024/07/28 13:23:11 [notice] 1#1: start worker process 31
2024/07/28 13:24:49 [notice] 1#1: signal 3 (SIGQUIT) received, shutting down
2024/07/28 13:24:49 [notice] 22#22: gracefully shutting down
2024/07/28 13:24:49 [notice] 21#21: gracefully shutting down
2024/07/28 13:24:49 [notice] 21#21: exiting
2024/07/28 13:24:49 [notice] 24#24: gracefully shutting down
2024/07/28 13:24:49 [notice] 25#25: gracefully shutting down
2024/07/28 13:24:49 [notice] 25#25: exiting
2024/07/28 13:24:49 [notice] 20#20: gracefully shutting down
2024/07/28 13:24:49 [notice] 20#20: exiting
2024/07/28 13:24:49 [notice] 20#20: exit
2024/07/28 13:24:49 [notice] 25#25: exit
2024/07/28 13:24:49 [notice] 29#29: gracefully shutting down
2024/07/28 13:24:49 [notice] 29#29: exiting
2024/07/28 13:24:49 [notice] 27#27: gracefully shutting down
2024/07/28 13:24:49 [notice] 27#27: exiting
2024/07/28 13:24:49 [notice] 31#31: gracefully shutting down
2024/07/28 13:24:49 [notice] 31#31: exiting
2024/07/28 13:24:49 [notice] 30#30: gracefully shutting down
2024/07/28 13:24:49 [notice] 30#30: exiting
2024/07/28 13:24:49 [notice] 23#23: gracefully shutting down
2024/07/28 13:24:49 [notice] 23#23: exiting
2024/07/28 13:24:49 [notice] 26#26: gracefully shutting down
2024/07/28 13:24:49 [notice] 23#23: exit
2024/07/28 13:24:49 [notice] 22#22: exiting
2024/07/28 13:24:49 [notice] 28#28: gracefully shutting down
2024/07/28 13:24:49 [notice] 28#28: exiting
2024/07/28 13:24:49 [notice] 21#21: exit
2024/07/28 13:24:49 [notice] 24#24: exiting
2024/07/28 13:24:49 [notice] 29#29: exit
2024/07/28 13:24:49 [notice] 24#24: exit
2024/07/28 13:24:49 [notice] 27#27: exit
2024/07/28 13:24:49 [notice] 31#31: exit
2024/07/28 13:24:49 [notice] 30#30: exit
2024/07/28 13:24:49 [notice] 26#26: exiting
2024/07/28 13:24:49 [notice] 26#26: exit
2024/07/28 13:24:49 [notice] 22#22: exit
2024/07/28 13:24:49 [notice] 28#28: exit
2024/07/28 13:24:49 [notice] 1#1: signal 17 (SIGCHLD) received from 20
2024/07/28 13:24:49 [notice] 1#1: worker process 20 exited with code 0
2024/07/28 13:24:49 [notice] 1#1: worker process 25 exited with code 0
2024/07/28 13:24:49 [notice] 1#1: signal 29 (SIGIO) received
2024/07/28 13:24:49 [notice] 1#1: signal 17 (SIGCHLD) received from 25
2024/07/28 13:24:49 [notice] 1#1: signal 17 (SIGCHLD) received from 23
2024/07/28 13:24:49 [notice] 1#1: worker process 23 exited with code 0
2024/07/28 13:24:49 [notice] 1#1: signal 29 (SIGIO) received
2024/07/28 13:24:49 [notice] 1#1: signal 17 (SIGCHLD) received from 28
2024/07/28 13:24:49 [notice] 1#1: worker process 21 exited with code 0
2024/07/28 13:24:49 [notice] 1#1: worker process 22 exited with code 0
2024/07/28 13:24:49 [notice] 1#1: worker process 27 exited with code 0
2024/07/28 13:24:49 [notice] 1#1: worker process 28 exited with code 0
2024/07/28 13:24:49 [notice] 1#1: worker process 30 exited with code 0
2024/07/28 13:24:49 [notice] 1#1: signal 29 (SIGIO) received
2024/07/28 13:24:49 [notice] 1#1: signal 17 (SIGCHLD) received from 21
2024/07/28 13:24:49 [notice] 1#1: signal 17 (SIGCHLD) received from 24
2024/07/28 13:24:49 [notice] 1#1: worker process 24 exited with code 0
2024/07/28 13:24:49 [notice] 1#1: worker process 26 exited with code 0
2024/07/28 13:24:49 [notice] 1#1: worker process 29 exited with code 0
2024/07/28 13:24:49 [notice] 1#1: worker process 31 exited with code 0
2024/07/28 13:24:49 [notice] 1#1: exit
2024/07/28 13:26:02 [notice] 1#1: using the "epoll" event method
2024/07/28 13:26:02 [notice] 1#1: nginx/1.27.0
2024/07/28 13:26:02 [notice] 1#1: built by gcc 12.2.0 (Debian 12.2.0-14) 
2024/07/28 13:26:02 [notice] 1#1: OS: Linux 6.6.26-linuxkit
2024/07/28 13:26:02 [notice] 1#1: getrlimit(RLIMIT_NOFILE): 1048576:1048576
2024/07/28 13:26:02 [notice] 1#1: start worker processes
2024/07/28 13:26:02 [notice] 1#1: start worker process 19
2024/07/28 13:26:02 [notice] 1#1: start worker process 20
2024/07/28 13:26:02 [notice] 1#1: start worker process 21
2024/07/28 13:26:02 [notice] 1#1: start worker process 22
2024/07/28 13:26:02 [notice] 1#1: start worker process 23
2024/07/28 13:26:02 [notice] 1#1: start worker process 24
2024/07/28 13:26:02 [notice] 1#1: start worker process 25
2024/07/28 13:26:02 [notice] 1#1: start worker process 26
2024/07/28 13:26:02 [notice] 1#1: start worker process 27
2024/07/28 13:26:02 [notice] 1#1: start worker process 28
2024/07/28 13:26:02 [notice] 1#1: start worker process 29
2024/07/28 13:26:02 [notice] 1#1: start worker process 30
2024/07/28 13:53:50 [error] 25#25: *12 upstream prematurely closed connection while reading response header from upstream, client: 172.19.0.1, server: , request: "GET /api/user/role HTTP/1.1", upstream: "http://172.19.0.5:8091/user/role", host: "0.0.0.0:82"
2024/07/28 13:54:01 [error] 25#25: *12 upstream prematurely closed connection while reading response header from upstream, client: 172.19.0.1, server: , request: "GET /api/user/role?id=f7d2d910-1d17-42e7-aecb-8babb9c6082d HTTP/1.1", upstream: "http://172.19.0.5:8091/user/role?id=f7d2d910-1d17-42e7-aecb-8babb9c6082d", host: "0.0.0.0:82"
2024/07/28 13:54:49 [error] 25#25: *12 upstream prematurely closed connection while reading response header from upstream, client: 172.19.0.1, server: , request: "GET /api/user/role HTTP/1.1", upstream: "http://172.19.0.5:8091/user/role", host: "0.0.0.0:82"
2024/07/28 13:58:33 [error] 26#26: *16 upstream prematurely closed connection while reading response header from upstream, client: 172.19.0.1, server: , request: "GET /api/user/role HTTP/1.1", upstream: "http://172.19.0.5:8091/user/role", host: "0.0.0.0:82"
2024/07/28 13:59:08 [notice] 1#1: signal 3 (SIGQUIT) received, shutting down
2024/07/28 13:59:08 [notice] 19#19: gracefully shutting down
2024/07/28 13:59:08 [notice] 25#25: gracefully shutting down
2024/07/28 13:59:08 [notice] 23#23: gracefully shutting down
2024/07/28 13:59:08 [notice] 24#24: gracefully shutting down
2024/07/28 13:59:08 [notice] 26#26: gracefully shutting down
2024/07/28 13:59:08 [notice] 26#26: exiting
2024/07/28 13:59:08 [notice] 29#29: gracefully shutting down
2024/07/28 13:59:08 [notice] 29#29: exiting
2024/07/28 13:59:08 [notice] 30#30: gracefully shutting down
2024/07/28 13:59:08 [notice] 30#30: exiting
2024/07/28 13:59:08 [notice] 20#20: gracefully shutting down
2024/07/28 13:59:08 [notice] 20#20: exiting
2024/07/28 13:59:08 [notice] 21#21: gracefully shutting down
2024/07/28 13:59:08 [notice] 21#21: exiting
2024/07/28 13:59:08 [notice] 28#28: gracefully shutting down
2024/07/28 13:59:08 [notice] 28#28: exiting
2024/07/28 13:59:08 [notice] 22#22: gracefully shutting down
2024/07/28 13:59:08 [notice] 27#27: gracefully shutting down
2024/07/28 13:59:08 [notice] 19#19: exiting
2024/07/28 13:59:08 [notice] 19#19: exit
2024/07/28 13:59:08 [notice] 25#25: exiting
2024/07/28 13:59:08 [notice] 23#23: exiting
2024/07/28 13:59:08 [notice] 23#23: exit
2024/07/28 13:59:08 [notice] 24#24: exiting
2024/07/28 13:59:08 [notice] 26#26: exit
2024/07/28 13:59:08 [notice] 29#29: exit
2024/07/28 13:59:08 [notice] 30#30: exit
2024/07/28 13:59:08 [notice] 20#20: exit
2024/07/28 13:59:08 [notice] 21#21: exit
2024/07/28 13:59:08 [notice] 28#28: exit
2024/07/28 13:59:08 [notice] 22#22: exiting
2024/07/28 13:59:08 [notice] 27#27: exiting
2024/07/28 13:59:08 [notice] 25#25: exit
2024/07/28 13:59:08 [notice] 24#24: exit
2024/07/28 13:59:08 [notice] 22#22: exit
2024/07/28 13:59:08 [notice] 27#27: exit
2024/07/28 13:59:08 [notice] 1#1: signal 17 (SIGCHLD) received from 19
2024/07/28 13:59:08 [notice] 1#1: worker process 19 exited with code 0
2024/07/28 13:59:08 [notice] 1#1: signal 29 (SIGIO) received
2024/07/28 13:59:08 [notice] 1#1: signal 17 (SIGCHLD) received from 23
2024/07/28 13:59:08 [notice] 1#1: worker process 23 exited with code 0
2024/07/28 13:59:08 [notice] 1#1: worker process 26 exited with code 0
2024/07/28 13:59:08 [notice] 1#1: signal 29 (SIGIO) received
2024/07/28 13:59:08 [notice] 1#1: signal 17 (SIGCHLD) received from 26
2024/07/28 13:59:08 [notice] 1#1: signal 17 (SIGCHLD) received from 21
2024/07/28 13:59:08 [notice] 1#1: worker process 20 exited with code 0
2024/07/28 13:59:08 [notice] 1#1: worker process 21 exited with code 0
2024/07/28 13:59:08 [notice] 1#1: worker process 29 exited with code 0
2024/07/28 13:59:08 [notice] 1#1: worker process 30 exited with code 0
2024/07/28 13:59:08 [notice] 1#1: signal 29 (SIGIO) received
2024/07/28 13:59:08 [notice] 1#1: signal 17 (SIGCHLD) received from 30
2024/07/28 13:59:08 [notice] 1#1: signal 17 (SIGCHLD) received from 28
2024/07/28 13:59:08 [notice] 1#1: worker process 28 exited with code 0
2024/07/28 13:59:08 [notice] 1#1: signal 29 (SIGIO) received
2024/07/28 13:59:08 [notice] 1#1: signal 17 (SIGCHLD) received from 25
2024/07/28 13:59:08 [notice] 1#1: worker process 25 exited with code 0
2024/07/28 13:59:08 [notice] 1#1: worker process 24 exited with code 0
2024/07/28 13:59:08 [notice] 1#1: signal 29 (SIGIO) received
2024/07/28 13:59:08 [notice] 1#1: signal 17 (SIGCHLD) received from 24
2024/07/28 13:59:08 [notice] 1#1: worker process 22 exited with code 0
2024/07/28 13:59:08 [notice] 1#1: signal 29 (SIGIO) received
2024/07/28 13:59:08 [notice] 1#1: signal 17 (SIGCHLD) received from 22
2024/07/28 13:59:08 [notice] 1#1: worker process 27 exited with code 0
2024/07/28 13:59:08 [notice] 1#1: exit
2024/07/28 17:42:11 [notice] 1#1: using the "epoll" event method
2024/07/28 17:42:11 [notice] 1#1: nginx/1.27.0
2024/07/28 17:42:11 [notice] 1#1: built by gcc 12.2.0 (Debian 12.2.0-14) 
2024/07/28 17:42:11 [notice] 1#1: OS: Linux 6.6.26-linuxkit
2024/07/28 17:42:11 [notice] 1#1: getrlimit(RLIMIT_NOFILE): 1048576:1048576
2024/07/28 17:42:11 [notice] 1#1: start worker processes
2024/07/28 17:42:11 [notice] 1#1: start worker process 20
2024/07/28 17:42:11 [notice] 1#1: start worker process 21
2024/07/28 17:42:11 [notice] 1#1: start worker process 22
2024/07/28 17:42:11 [notice] 1#1: start worker process 23
2024/07/28 17:42:11 [notice] 1#1: start worker process 24
2024/07/28 17:42:11 [notice] 1#1: start worker process 25
2024/07/28 17:42:11 [notice] 1#1: start worker process 26
2024/07/28 17:42:11 [notice] 1#1: start worker process 27
2024/07/28 17:42:11 [notice] 1#1: start worker process 28
2024/07/28 17:42:11 [notice] 1#1: start worker process 29
2024/07/28 17:42:11 [notice] 1#1: start worker process 30
2024/07/28 17:42:11 [notice] 1#1: start worker process 31
2024/07/28 18:02:21 [notice] 1#1: signal 3 (SIGQUIT) received, shutting down
2024/07/28 18:02:21 [notice] 20#20: gracefully shutting down
2024/07/28 18:02:21 [notice] 20#20: exiting
2024/07/28 18:02:21 [notice] 22#22: gracefully shutting down
2024/07/28 18:02:21 [notice] 22#22: exiting
2024/07/28 18:02:21 [notice] 27#27: gracefully shutting down
2024/07/28 18:02:21 [notice] 27#27: exiting
2024/07/28 18:02:21 [notice] 24#24: gracefully shutting down
2024/07/28 18:02:21 [notice] 27#27: exit
2024/07/28 18:02:21 [notice] 26#26: gracefully shutting down
2024/07/28 18:02:21 [notice] 26#26: exiting
2024/07/28 18:02:21 [notice] 28#28: gracefully shutting down
2024/07/28 18:02:21 [notice] 28#28: exiting
2024/07/28 18:02:21 [notice] 23#23: gracefully shutting down
2024/07/28 18:02:21 [notice] 23#23: exiting
2024/07/28 18:02:21 [notice] 21#21: gracefully shutting down
2024/07/28 18:02:21 [notice] 21#21: exiting
2024/07/28 18:02:21 [notice] 25#25: gracefully shutting down
2024/07/28 18:02:21 [notice] 31#31: gracefully shutting down
2024/07/28 18:02:21 [notice] 25#25: exiting
2024/07/28 18:02:21 [notice] 30#30: gracefully shutting down
2024/07/28 18:02:21 [notice] 30#30: exiting
2024/07/28 18:02:21 [notice] 20#20: exit
2024/07/28 18:02:21 [notice] 29#29: gracefully shutting down
2024/07/28 18:02:21 [notice] 22#22: exit
2024/07/28 18:02:21 [notice] 24#24: exiting
2024/07/28 18:02:21 [notice] 24#24: exit
2024/07/28 18:02:21 [notice] 26#26: exit
2024/07/28 18:02:21 [notice] 28#28: exit
2024/07/28 18:02:21 [notice] 23#23: exit
2024/07/28 18:02:21 [notice] 21#21: exit
2024/07/28 18:02:21 [notice] 31#31: exiting
2024/07/28 18:02:21 [notice] 31#31: exit
2024/07/28 18:02:21 [notice] 25#25: exit
2024/07/28 18:02:21 [notice] 30#30: exit
2024/07/28 18:02:21 [notice] 29#29: exiting
2024/07/28 18:02:21 [notice] 1#1: signal 17 (SIGCHLD) received from 27
2024/07/28 18:02:21 [notice] 1#1: worker process 27 exited with code 0
2024/07/28 18:02:21 [notice] 1#1: signal 29 (SIGIO) received
2024/07/28 18:02:21 [notice] 29#29: exit
2024/07/28 18:02:21 [notice] 1#1: signal 17 (SIGCHLD) received from 20
2024/07/28 18:02:21 [notice] 1#1: worker process 20 exited with code 0
2024/07/28 18:02:21 [notice] 1#1: signal 29 (SIGIO) received
2024/07/28 18:02:21 [notice] 1#1: signal 17 (SIGCHLD) received from 22
2024/07/28 18:02:21 [notice] 1#1: worker process 22 exited with code 0
2024/07/28 18:02:21 [notice] 1#1: signal 29 (SIGIO) received
2024/07/28 18:02:21 [notice] 1#1: signal 17 (SIGCHLD) received from 28
2024/07/28 18:02:21 [notice] 1#1: worker process 28 exited with code 0
2024/07/28 18:02:21 [notice] 1#1: signal 29 (SIGIO) received
2024/07/28 18:02:21 [notice] 1#1: signal 17 (SIGCHLD) received from 24
2024/07/28 18:02:21 [notice] 1#1: worker process 21 exited with code 0
2024/07/28 18:02:21 [notice] 1#1: worker process 24 exited with code 0
2024/07/28 18:02:21 [notice] 1#1: worker process 25 exited with code 0
2024/07/28 18:02:21 [notice] 1#1: worker process 31 exited with code 0
2024/07/28 18:02:21 [notice] 1#1: signal 29 (SIGIO) received
2024/07/28 18:02:21 [notice] 1#1: signal 17 (SIGCHLD) received from 21
2024/07/28 18:02:21 [notice] 1#1: worker process 23 exited with code 0
2024/07/28 18:02:21 [notice] 1#1: signal 29 (SIGIO) received
2024/07/28 18:02:21 [notice] 1#1: signal 17 (SIGCHLD) received from 30
2024/07/28 18:02:21 [notice] 1#1: worker process 30 exited with code 0
2024/07/28 18:02:21 [notice] 1#1: signal 29 (SIGIO) received
2024/07/28 18:02:21 [notice] 1#1: signal 17 (SIGCHLD) received from 26
2024/07/28 18:02:21 [notice] 1#1: worker process 26 exited with code 0
2024/07/28 18:02:21 [notice] 1#1: signal 17 (SIGCHLD) received from 29
2024/07/28 18:02:21 [notice] 1#1: worker process 29 exited with code 0
2024/07/28 18:02:21 [notice] 1#1: exit
2024/07/28 18:02:24 [notice] 1#1: using the "epoll" event method
2024/07/28 18:02:24 [notice] 1#1: nginx/1.27.0
2024/07/28 18:02:24 [notice] 1#1: built by gcc 12.2.0 (Debian 12.2.0-14) 
2024/07/28 18:02:24 [notice] 1#1: OS: Linux 6.6.26-linuxkit
2024/07/28 18:02:24 [notice] 1#1: getrlimit(RLIMIT_NOFILE): 1048576:1048576
2024/07/28 18:02:24 [notice] 1#1: start worker processes
2024/07/28 18:02:24 [notice] 1#1: start worker process 20
2024/07/28 18:02:24 [notice] 1#1: start worker process 21
2024/07/28 18:02:24 [notice] 1#1: start worker process 22
2024/07/28 18:02:24 [notice] 1#1: start worker process 23
2024/07/28 18:02:24 [notice] 1#1: start worker process 24
2024/07/28 18:02:24 [notice] 1#1: start worker process 25
2024/07/28 18:02:24 [notice] 1#1: start worker process 26
2024/07/28 18:02:24 [notice] 1#1: start worker process 27
2024/07/28 18:02:24 [notice] 1#1: start worker process 28
2024/07/28 18:02:24 [notice] 1#1: start worker process 29
2024/07/28 18:02:24 [notice] 1#1: start worker process 30
2024/07/28 18:02:24 [notice] 1#1: start worker process 31
2024/07/28 18:40:26 [notice] 1#1: signal 3 (SIGQUIT) received, shutting down
2024/07/28 18:40:26 [notice] 20#20: gracefully shutting down
2024/07/28 18:40:26 [notice] 20#20: exiting
2024/07/28 18:40:26 [notice] 29#29: gracefully shutting down
2024/07/28 18:40:26 [notice] 29#29: exiting
2024/07/28 18:40:26 [notice] 21#21: gracefully shutting down
2024/07/28 18:40:26 [notice] 21#21: exiting
2024/07/28 18:40:26 [notice] 26#26: gracefully shutting down
2024/07/28 18:40:26 [notice] 26#26: exiting
2024/07/28 18:40:26 [notice] 22#22: gracefully shutting down
2024/07/28 18:40:26 [notice] 22#22: exiting
2024/07/28 18:40:26 [notice] 22#22: exit
2024/07/28 18:40:26 [notice] 30#30: gracefully shutting down
2024/07/28 18:40:26 [notice] 30#30: exiting
2024/07/28 18:40:26 [notice] 27#27: gracefully shutting down
2024/07/28 18:40:26 [notice] 23#23: gracefully shutting down
2024/07/28 18:40:26 [notice] 23#23: exiting
2024/07/28 18:40:26 [notice] 23#23: exit
2024/07/28 18:40:26 [notice] 24#24: gracefully shutting down
2024/07/28 18:40:26 [notice] 25#25: gracefully shutting down
2024/07/28 18:40:26 [notice] 25#25: exiting
2024/07/28 18:40:26 [notice] 31#31: gracefully shutting down
2024/07/28 18:40:26 [notice] 31#31: exiting
2024/07/28 18:40:26 [notice] 28#28: gracefully shutting down
2024/07/28 18:40:26 [notice] 28#28: exiting
2024/07/28 18:40:26 [notice] 20#20: exit
2024/07/28 18:40:26 [notice] 29#29: exit
2024/07/28 18:40:26 [notice] 21#21: exit
2024/07/28 18:40:26 [notice] 26#26: exit
2024/07/28 18:40:26 [notice] 30#30: exit
2024/07/28 18:40:26 [notice] 27#27: exiting
2024/07/28 18:40:26 [notice] 27#27: exit
2024/07/28 18:40:26 [notice] 24#24: exiting
2024/07/28 18:40:26 [notice] 24#24: exit
2024/07/28 18:40:26 [notice] 25#25: exit
2024/07/28 18:40:26 [notice] 31#31: exit
2024/07/28 18:40:26 [notice] 28#28: exit
2024/07/28 18:40:26 [notice] 1#1: signal 17 (SIGCHLD) received from 22
2024/07/28 18:40:26 [notice] 1#1: worker process 22 exited with code 0
2024/07/28 18:40:26 [notice] 1#1: signal 29 (SIGIO) received
2024/07/28 18:40:26 [notice] 1#1: signal 17 (SIGCHLD) received from 23
2024/07/28 18:40:26 [notice] 1#1: worker process 23 exited with code 0
2024/07/28 18:40:26 [notice] 1#1: signal 29 (SIGIO) received
2024/07/28 18:40:26 [notice] 1#1: signal 17 (SIGCHLD) received from 30
2024/07/28 18:40:26 [notice] 1#1: worker process 21 exited with code 0
2024/07/28 18:40:26 [notice] 1#1: worker process 30 exited with code 0
2024/07/28 18:40:26 [notice] 1#1: signal 29 (SIGIO) received
2024/07/28 18:40:26 [notice] 1#1: signal 17 (SIGCHLD) received from 21
2024/07/28 18:40:26 [notice] 1#1: signal 17 (SIGCHLD) received from 26
2024/07/28 18:40:26 [notice] 1#1: worker process 20 exited with code 0
2024/07/28 18:40:26 [notice] 1#1: worker process 26 exited with code 0
2024/07/28 18:40:26 [notice] 1#1: worker process 29 exited with code 0
2024/07/28 18:40:26 [notice] 1#1: signal 29 (SIGIO) received
2024/07/28 18:40:26 [notice] 1#1: signal 17 (SIGCHLD) received from 29
2024/07/28 18:40:26 [notice] 1#1: signal 17 (SIGCHLD) received from 25
2024/07/28 18:40:26 [notice] 1#1: worker process 25 exited with code 0
2024/07/28 18:40:26 [notice] 1#1: signal 29 (SIGIO) received
2024/07/28 18:40:26 [notice] 1#1: signal 17 (SIGCHLD) received from 31
2024/07/28 18:40:26 [notice] 1#1: worker process 24 exited with code 0
2024/07/28 18:40:26 [notice] 1#1: worker process 27 exited with code 0
2024/07/28 18:40:26 [notice] 1#1: worker process 31 exited with code 0
2024/07/28 18:40:26 [notice] 1#1: worker process 28 exited with code 0
2024/07/28 18:40:26 [notice] 1#1: exit
2024/07/28 19:51:19 [notice] 1#1: using the "epoll" event method
2024/07/28 19:51:19 [notice] 1#1: nginx/1.27.0
2024/07/28 19:51:19 [notice] 1#1: built by gcc 12.2.0 (Debian 12.2.0-14) 
2024/07/28 19:51:19 [notice] 1#1: OS: Linux 6.6.26-linuxkit
2024/07/28 19:51:19 [notice] 1#1: getrlimit(RLIMIT_NOFILE): 1048576:1048576
2024/07/28 19:51:19 [notice] 1#1: start worker processes
2024/07/28 19:51:19 [notice] 1#1: start worker process 20
2024/07/28 19:51:19 [notice] 1#1: start worker process 21
2024/07/28 19:51:19 [notice] 1#1: start worker process 22
2024/07/28 19:51:19 [notice] 1#1: start worker process 23
2024/07/28 19:51:19 [notice] 1#1: start worker process 24
2024/07/28 19:51:19 [notice] 1#1: start worker process 25
2024/07/28 19:51:19 [notice] 1#1: start worker process 26
2024/07/28 19:51:19 [notice] 1#1: start worker process 27
2024/07/28 19:51:19 [notice] 1#1: start worker process 28
2024/07/28 19:51:19 [notice] 1#1: start worker process 29
2024/07/28 19:51:19 [notice] 1#1: start worker process 30
2024/07/28 19:51:19 [notice] 1#1: start worker process 31
2024/07/28 19:52:36 [notice] 1#1: signal 3 (SIGQUIT) received, shutting down
2024/07/28 19:52:36 [notice] 23#23: gracefully shutting down
2024/07/28 19:52:36 [notice] 22#22: gracefully shutting down
2024/07/28 19:52:36 [notice] 22#22: exiting
2024/07/28 19:52:36 [notice] 25#25: gracefully shutting down
2024/07/28 19:52:36 [notice] 26#26: gracefully shutting down
2024/07/28 19:52:36 [notice] 28#28: gracefully shutting down
2024/07/28 19:52:36 [notice] 21#21: gracefully shutting down
2024/07/28 19:52:36 [notice] 21#21: exiting
2024/07/28 19:52:36 [notice] 27#27: gracefully shutting down
2024/07/28 19:52:36 [notice] 21#21: exit
2024/07/28 19:52:36 [notice] 29#29: gracefully shutting down
2024/07/28 19:52:36 [notice] 30#30: gracefully shutting down
2024/07/28 19:52:36 [notice] 31#31: gracefully shutting down
2024/07/28 19:52:36 [notice] 30#30: exiting
2024/07/28 19:52:36 [notice] 24#24: gracefully shutting down
2024/07/28 19:52:36 [notice] 20#20: gracefully shutting down
2024/07/28 19:52:36 [notice] 23#23: exiting
2024/07/28 19:52:36 [notice] 22#22: exit
2024/07/28 19:52:36 [notice] 25#25: exiting
2024/07/28 19:52:36 [notice] 26#26: exiting
2024/07/28 19:52:36 [notice] 28#28: exiting
2024/07/28 19:52:36 [notice] 28#28: exit
2024/07/28 19:52:36 [notice] 27#27: exiting
2024/07/28 19:52:36 [notice] 27#27: exit
2024/07/28 19:52:36 [notice] 29#29: exiting
2024/07/28 19:52:36 [notice] 31#31: exiting
2024/07/28 19:52:36 [notice] 30#30: exit
2024/07/28 19:52:36 [notice] 24#24: exiting
2024/07/28 19:52:36 [notice] 24#24: exit
2024/07/28 19:52:36 [notice] 20#20: exiting
2024/07/28 19:52:36 [notice] 23#23: exit
2024/07/28 19:52:36 [notice] 20#20: exit
2024/07/28 19:52:36 [notice] 25#25: exit
2024/07/28 19:52:36 [notice] 26#26: exit
2024/07/28 19:52:36 [notice] 29#29: exit
2024/07/28 19:52:36 [notice] 31#31: exit
2024/07/28 19:52:36 [notice] 1#1: signal 17 (SIGCHLD) received from 22
2024/07/28 19:52:36 [notice] 1#1: worker process 21 exited with code 0
2024/07/28 19:52:36 [notice] 1#1: worker process 22 exited with code 0
2024/07/28 19:52:36 [notice] 1#1: signal 29 (SIGIO) received
2024/07/28 19:52:36 [notice] 1#1: signal 17 (SIGCHLD) received from 23
2024/07/28 19:52:36 [notice] 1#1: worker process 23 exited with code 0
2024/07/28 19:52:36 [notice] 1#1: worker process 26 exited with code 0
2024/07/28 19:52:36 [notice] 1#1: worker process 29 exited with code 0
2024/07/28 19:52:36 [notice] 1#1: signal 29 (SIGIO) received
2024/07/28 19:52:36 [notice] 1#1: signal 17 (SIGCHLD) received from 24
2024/07/28 19:52:36 [notice] 1#1: worker process 20 exited with code 0
2024/07/28 19:52:36 [notice] 1#1: worker process 24 exited with code 0
2024/07/28 19:52:36 [notice] 1#1: worker process 25 exited with code 0
2024/07/28 19:52:36 [notice] 1#1: worker process 27 exited with code 0
2024/07/28 19:52:36 [notice] 1#1: worker process 28 exited with code 0
2024/07/28 19:52:36 [notice] 1#1: worker process 30 exited with code 0
2024/07/28 19:52:36 [notice] 1#1: worker process 31 exited with code 0
2024/07/28 19:52:36 [notice] 1#1: exit
2024/07/28 19:52:40 [notice] 1#1: using the "epoll" event method
2024/07/28 19:52:40 [notice] 1#1: nginx/1.27.0
2024/07/28 19:52:40 [notice] 1#1: built by gcc 12.2.0 (Debian 12.2.0-14) 
2024/07/28 19:52:40 [notice] 1#1: OS: Linux 6.6.26-linuxkit
2024/07/28 19:52:40 [notice] 1#1: getrlimit(RLIMIT_NOFILE): 1048576:1048576
2024/07/28 19:52:40 [notice] 1#1: start worker processes
2024/07/28 19:52:40 [notice] 1#1: start worker process 20
2024/07/28 19:52:40 [notice] 1#1: start worker process 21
2024/07/28 19:52:40 [notice] 1#1: start worker process 22
2024/07/28 19:52:40 [notice] 1#1: start worker process 23
2024/07/28 19:52:40 [notice] 1#1: start worker process 24
2024/07/28 19:52:40 [notice] 1#1: start worker process 25
2024/07/28 19:52:40 [notice] 1#1: start worker process 26
2024/07/28 19:52:40 [notice] 1#1: start worker process 27
2024/07/28 19:52:40 [notice] 1#1: start worker process 28
2024/07/28 19:52:40 [notice] 1#1: start worker process 29
2024/07/28 19:52:40 [notice] 1#1: start worker process 30
2024/07/28 19:52:40 [notice] 1#1: start worker process 31
2024/07/28 19:55:16 [notice] 1#1: using the "epoll" event method
2024/07/28 19:55:16 [notice] 1#1: nginx/1.27.0
2024/07/28 19:55:16 [notice] 1#1: built by gcc 12.2.0 (Debian 12.2.0-14) 
2024/07/28 19:55:16 [notice] 1#1: OS: Linux 6.6.26-linuxkit
2024/07/28 19:55:16 [notice] 1#1: getrlimit(RLIMIT_NOFILE): 1048576:1048576
2024/07/28 19:55:16 [notice] 1#1: start worker processes
2024/07/28 19:55:16 [notice] 1#1: start worker process 19
2024/07/28 19:55:16 [notice] 1#1: start worker process 20
2024/07/28 19:55:16 [notice] 1#1: start worker process 21
2024/07/28 19:55:16 [notice] 1#1: start worker process 22
2024/07/28 19:55:16 [notice] 1#1: start worker process 23
2024/07/28 19:55:16 [notice] 1#1: start worker process 24
2024/07/28 19:55:16 [notice] 1#1: start worker process 25
2024/07/28 19:55:16 [notice] 1#1: start worker process 26
2024/07/28 19:55:16 [notice] 1#1: start worker process 27
2024/07/28 19:55:16 [notice] 1#1: start worker process 28
2024/07/28 19:55:16 [notice] 1#1: start worker process 29
2024/07/28 19:55:16 [notice] 1#1: start worker process 30
2024/07/28 19:55:34 [notice] 1#1: signal 3 (SIGQUIT) received, shutting down
2024/07/28 19:55:34 [notice] 19#19: gracefully shutting down
2024/07/28 19:55:34 [notice] 28#28: gracefully shutting down
2024/07/28 19:55:34 [notice] 20#20: gracefully shutting down
2024/07/28 19:55:34 [notice] 20#20: exiting
2024/07/28 19:55:34 [notice] 21#21: gracefully shutting down
2024/07/28 19:55:34 [notice] 29#29: gracefully shutting down
2024/07/28 19:55:34 [notice] 22#22: gracefully shutting down
2024/07/28 19:55:34 [notice] 24#24: gracefully shutting down
2024/07/28 19:55:34 [notice] 23#23: gracefully shutting down
2024/07/28 19:55:34 [notice] 23#23: exiting
2024/07/28 19:55:34 [notice] 25#25: gracefully shutting down
2024/07/28 19:55:34 [notice] 30#30: gracefully shutting down
2024/07/28 19:55:34 [notice] 26#26: gracefully shutting down
2024/07/28 19:55:34 [notice] 27#27: gracefully shutting down
2024/07/28 19:55:34 [notice] 27#27: exiting
2024/07/28 19:55:34 [notice] 27#27: exit
2024/07/28 19:55:34 [notice] 19#19: exiting
2024/07/28 19:55:34 [notice] 28#28: exiting
2024/07/28 19:55:34 [notice] 28#28: exit
2024/07/28 19:55:34 [notice] 20#20: exit
2024/07/28 19:55:34 [notice] 21#21: exiting
2024/07/28 19:55:34 [notice] 29#29: exiting
2024/07/28 19:55:34 [notice] 21#21: exit
2024/07/28 19:55:34 [notice] 22#22: exiting
2024/07/28 19:55:34 [notice] 22#22: exit
2024/07/28 19:55:34 [notice] 24#24: exiting
2024/07/28 19:55:34 [notice] 25#25: exiting
2024/07/28 19:55:34 [notice] 30#30: exiting
2024/07/28 19:55:34 [notice] 30#30: exit
2024/07/28 19:55:34 [notice] 26#26: exiting
2024/07/28 19:55:34 [notice] 23#23: exit
2024/07/28 19:55:34 [notice] 19#19: exit
2024/07/28 19:55:34 [notice] 29#29: exit
2024/07/28 19:55:34 [notice] 24#24: exit
2024/07/28 19:55:34 [notice] 25#25: exit
2024/07/28 19:55:34 [notice] 26#26: exit
2024/07/28 19:55:34 [notice] 1#1: signal 17 (SIGCHLD) received from 23
2024/07/28 19:55:34 [notice] 1#1: worker process 23 exited with code 0
2024/07/28 19:55:34 [notice] 1#1: worker process 24 exited with code 0
2024/07/28 19:55:34 [notice] 1#1: signal 29 (SIGIO) received
2024/07/28 19:55:34 [notice] 1#1: signal 17 (SIGCHLD) received from 24
2024/07/28 19:55:34 [notice] 1#1: signal 17 (SIGCHLD) received from 20
2024/07/28 19:55:34 [notice] 1#1: worker process 20 exited with code 0
2024/07/28 19:55:34 [notice] 1#1: worker process 21 exited with code 0
2024/07/28 19:55:34 [notice] 1#1: signal 29 (SIGIO) received
2024/07/28 19:55:34 [notice] 1#1: signal 17 (SIGCHLD) received from 29
2024/07/28 19:55:34 [notice] 1#1: worker process 29 exited with code 0
2024/07/28 19:55:34 [notice] 1#1: signal 29 (SIGIO) received
2024/07/28 19:55:34 [notice] 1#1: signal 17 (SIGCHLD) received from 28
2024/07/28 19:55:34 [notice] 1#1: worker process 22 exited with code 0
2024/07/28 19:55:34 [notice] 1#1: worker process 27 exited with code 0
2024/07/28 19:55:34 [notice] 1#1: worker process 19 exited with code 0
2024/07/28 19:55:34 [notice] 1#1: worker process 28 exited with code 0
2024/07/28 19:55:34 [notice] 1#1: worker process 30 exited with code 0
2024/07/28 19:55:34 [notice] 1#1: signal 17 (SIGCHLD) received from 27
2024/07/28 19:55:34 [notice] 1#1: signal 29 (SIGIO) received
2024/07/28 19:55:34 [notice] 1#1: signal 17 (SIGCHLD) received from 25
2024/07/28 19:55:34 [notice] 1#1: worker process 25 exited with code 0
2024/07/28 19:55:34 [notice] 1#1: worker process 26 exited with code 0
2024/07/28 19:55:34 [notice] 1#1: exit
2024/07/28 19:55:40 [notice] 1#1: using the "epoll" event method
2024/07/28 19:55:40 [notice] 1#1: nginx/1.27.0
2024/07/28 19:55:40 [notice] 1#1: built by gcc 12.2.0 (Debian 12.2.0-14) 
2024/07/28 19:55:40 [notice] 1#1: OS: Linux 6.6.26-linuxkit
2024/07/28 19:55:40 [notice] 1#1: getrlimit(RLIMIT_NOFILE): 1048576:1048576
2024/07/28 19:55:40 [notice] 1#1: start worker processes
2024/07/28 19:55:40 [notice] 1#1: start worker process 20
2024/07/28 19:55:40 [notice] 1#1: start worker process 21
2024/07/28 19:55:40 [notice] 1#1: start worker process 22
2024/07/28 19:55:40 [notice] 1#1: start worker process 23
2024/07/28 19:55:40 [notice] 1#1: start worker process 24
2024/07/28 19:55:40 [notice] 1#1: start worker process 25
2024/07/28 19:55:40 [notice] 1#1: start worker process 26
2024/07/28 19:55:40 [notice] 1#1: start worker process 27
2024/07/28 19:55:40 [notice] 1#1: start worker process 28
2024/07/28 19:55:40 [notice] 1#1: start worker process 29
2024/07/28 19:55:40 [notice] 1#1: start worker process 30
2024/07/28 19:55:40 [notice] 1#1: start worker process 31
2024/07/28 20:06:59 [notice] 1#1: signal 3 (SIGQUIT) received, shutting down
2024/07/28 20:06:59 [notice] 20#20: gracefully shutting down
2024/07/28 20:06:59 [notice] 23#23: gracefully shutting down
2024/07/28 20:06:59 [notice] 26#26: gracefully shutting down
2024/07/28 20:06:59 [notice] 22#22: gracefully shutting down
2024/07/28 20:06:59 [notice] 21#21: gracefully shutting down
2024/07/28 20:06:59 [notice] 29#29: gracefully shutting down
2024/07/28 20:06:59 [notice] 21#21: exiting
2024/07/28 20:06:59 [notice] 31#31: gracefully shutting down
2024/07/28 20:06:59 [notice] 21#21: exit
2024/07/28 20:06:59 [notice] 31#31: exiting
2024/07/28 20:06:59 [notice] 31#31: exit
2024/07/28 20:06:59 [notice] 25#25: gracefully shutting down
2024/07/28 20:06:59 [notice] 25#25: exiting
2024/07/28 20:06:59 [notice] 28#28: gracefully shutting down
2024/07/28 20:06:59 [notice] 28#28: exiting
2024/07/28 20:06:59 [notice] 27#27: gracefully shutting down
2024/07/28 20:06:59 [notice] 27#27: exiting
2024/07/28 20:06:59 [notice] 24#24: gracefully shutting down
2024/07/28 20:06:59 [notice] 30#30: gracefully shutting down
2024/07/28 20:06:59 [notice] 20#20: exiting
2024/07/28 20:06:59 [notice] 20#20: exit
2024/07/28 20:06:59 [notice] 23#23: exiting
2024/07/28 20:06:59 [notice] 23#23: exit
2024/07/28 20:06:59 [notice] 26#26: exiting
2024/07/28 20:06:59 [notice] 26#26: exit
2024/07/28 20:06:59 [notice] 22#22: exiting
2024/07/28 20:06:59 [notice] 22#22: exit
2024/07/28 20:06:59 [notice] 29#29: exiting
2024/07/28 20:06:59 [notice] 29#29: exit
2024/07/28 20:06:59 [notice] 25#25: exit
2024/07/28 20:06:59 [notice] 28#28: exit
2024/07/28 20:06:59 [notice] 27#27: exit
2024/07/28 20:06:59 [notice] 24#24: exiting
2024/07/28 20:06:59 [notice] 24#24: exit
2024/07/28 20:06:59 [notice] 30#30: exiting
2024/07/28 20:06:59 [notice] 30#30: exit
2024/07/28 20:06:59 [notice] 1#1: signal 17 (SIGCHLD) received from 21
2024/07/28 20:06:59 [notice] 1#1: worker process 21 exited with code 0
2024/07/28 20:06:59 [notice] 1#1: worker process 31 exited with code 0
2024/07/28 20:06:59 [notice] 1#1: signal 29 (SIGIO) received
2024/07/28 20:06:59 [notice] 1#1: signal 17 (SIGCHLD) received from 31
2024/07/28 20:06:59 [notice] 1#1: signal 17 (SIGCHLD) received from 26
2024/07/28 20:06:59 [notice] 1#1: worker process 26 exited with code 0
2024/07/28 20:06:59 [notice] 1#1: signal 29 (SIGIO) received
2024/07/28 20:06:59 [notice] 1#1: signal 17 (SIGCHLD) received from 23
2024/07/28 20:06:59 [notice] 1#1: worker process 20 exited with code 0
2024/07/28 20:06:59 [notice] 1#1: worker process 22 exited with code 0
2024/07/28 20:06:59 [notice] 1#1: worker process 23 exited with code 0
2024/07/28 20:06:59 [notice] 1#1: worker process 27 exited with code 0
2024/07/28 20:06:59 [notice] 1#1: worker process 29 exited with code 0
2024/07/28 20:06:59 [notice] 1#1: signal 29 (SIGIO) received
2024/07/28 20:06:59 [notice] 1#1: signal 17 (SIGCHLD) received from 27
2024/07/28 20:06:59 [notice] 1#1: signal 17 (SIGCHLD) received from 28
2024/07/28 20:06:59 [notice] 1#1: worker process 28 exited with code 0
2024/07/28 20:06:59 [notice] 1#1: signal 29 (SIGIO) received
2024/07/28 20:06:59 [notice] 1#1: signal 17 (SIGCHLD) received from 30
2024/07/28 20:06:59 [notice] 1#1: worker process 25 exited with code 0
2024/07/28 20:06:59 [notice] 1#1: worker process 24 exited with code 0
2024/07/28 20:06:59 [notice] 1#1: worker process 30 exited with code 0
2024/07/28 20:06:59 [notice] 1#1: exit
2024/07/28 20:07:41 [notice] 1#1: using the "epoll" event method
2024/07/28 20:07:41 [notice] 1#1: nginx/1.27.0
2024/07/28 20:07:41 [notice] 1#1: built by gcc 12.2.0 (Debian 12.2.0-14) 
2024/07/28 20:07:41 [notice] 1#1: OS: Linux 6.6.26-linuxkit
2024/07/28 20:07:41 [notice] 1#1: getrlimit(RLIMIT_NOFILE): 1048576:1048576
2024/07/28 20:07:41 [notice] 1#1: start worker processes
2024/07/28 20:07:41 [notice] 1#1: start worker process 20
2024/07/28 20:07:41 [notice] 1#1: start worker process 21
2024/07/28 20:07:41 [notice] 1#1: start worker process 22
2024/07/28 20:07:41 [notice] 1#1: start worker process 23
2024/07/28 20:07:41 [notice] 1#1: start worker process 24
2024/07/28 20:07:41 [notice] 1#1: start worker process 25
2024/07/28 20:07:41 [notice] 1#1: start worker process 26
2024/07/28 20:07:41 [notice] 1#1: start worker process 27
2024/07/28 20:07:41 [notice] 1#1: start worker process 28
2024/07/28 20:07:41 [notice] 1#1: start worker process 29
2024/07/28 20:07:41 [notice] 1#1: start worker process 30
2024/07/28 20:07:41 [notice] 1#1: start worker process 31
